To honour the JVM settings for this build a single-use Daemon process will be forked. For more on this, please refer to https://docs.gradle.org/8.8/userguide/gradle_daemon.html#sec:disabling_the_daemon in the Gradle documentation.
Daemon will be stopped at the end of the build
> Task :app:preBuild UP-TO-DATE
> Task :app:preDebugBuild UP-TO-DATE
> Task :app:mergeDebugNativeDebugMetadata NO-SOURCE
> Task :app:compileDebugAidl NO-SOURCE
> Task :app:compileDebugRenderscript NO-SOURCE
> Task :app:dataBindingMergeDependencyArtifactsDebug UP-TO-DATE
> Task :app:generateDebugResValues UP-TO-DATE
> Task :app:generateDebugResources UP-TO-DATE
> Task :app:mergeDebugResources UP-TO-DATE
> Task :app:packageDebugResources UP-TO-DATE
> Task :app:parseDebugLocalResources UP-TO-DATE
> Task :app:dataBindingGenBaseClassesDebug UP-TO-DATE
> Task :app:generateDebugBuildConfig UP-TO-DATE
> Task :app:checkDebugAarMetadata UP-TO-DATE
> Task :app:mapDebugSourceSetPaths UP-TO-DATE
> Task :app:createDebugCompatibleScreenManifests UP-TO-DATE
> Task :app:extractDeepLinksDebug UP-TO-DATE
> Task :app:processDebugMainManifest UP-TO-DATE
> Task :app:processDebugManifest UP-TO-DATE
> Task :app:processDebugManifestForPackage UP-TO-DATE
> Task :app:javaPreCompileDebug UP-TO-DATE
> Task :app:mergeDebugShaders UP-TO-DATE
> Task :app:compileDebugShaders NO-SOURCE
> Task :app:generateDebugAssets UP-TO-DATE
> Task :app:mergeDebugAssets UP-TO-DATE
> Task :app:compressDebugAssets UP-TO-DATE
> Task :app:processDebugJavaRes NO-SOURCE
> Task :app:checkDebugDuplicateClasses UP-TO-DATE
> Task :app:desugarDebugFileDependencies UP-TO-DATE
> Task :app:mergeExtDexDebug UP-TO-DATE
> Task :app:mergeLibDexDebug UP-TO-DATE
> Task :app:mergeDebugJniLibFolders UP-TO-DATE
> Task :app:mergeDebugNativeLibs NO-SOURCE
> Task :app:stripDebugDebugSymbols NO-SOURCE
> Task :app:validateSigningDebug UP-TO-DATE
> Task :app:writeDebugAppMetadata UP-TO-DATE
> Task :app:writeDebugSigningConfigVersions UP-TO-DATE
> Task :app:processDebugResources FAILED

FAILURE: Build failed with an exception.

* What went wrong:
Execution failed for task ':app:processDebugResources'.
> A failure occurred while executing com.android.build.gradle.internal.res.LinkApplicationAndroidResourcesTask$TaskAction
   > Android resource linking failed
     com.example.shieldblock.app-mergeDebugResources-4:/layout/activity_about.xml:6: error: resource color/background (aka com.example.shieldblock:color/background) not found.
     com.example.shieldblock.app-mergeDebugResources-4:/layout/activity_about.xml:34: error: resource color/primary (aka com.example.shieldblock:color/primary) not found.
     com.example.shieldblock.app-mergeDebugResources-4:/layout/activity_about.xml:44: error: resource color/on_surface (aka com.example.shieldblock:color/on_surface) not found.
     com.example.shieldblock.app-mergeDebugResources-4:/layout/activity_about.xml:53: error: resource color/on_surface_variant (aka com.example.shieldblock:color/on_surface_variant) not found.
     com.example.shieldblock.app-mergeDebugResources-4:/layout/activity_about.xml:73: error: resource color/primary (aka com.example.shieldblock:color/primary) not found.
     com.example.shieldblock.app-mergeDebugResources-4:/layout/activity_about.xml:81: error: resource color/surface_container_low (aka com.example.shieldblock:color/surface_container_low) not found.
     com.example.shieldblock.app-mergeDebugResources-4:/layout/activity_about.xml:96: error: resource color/primary (aka com.example.shieldblock:color/primary) not found.
     com.example.shieldblock.app-mergeDebugResources-4:/layout/activity_about.xml:105: error: resource color/on_surface (aka com.example.shieldblock:color/on_surface) not found.
     com.example.shieldblock.app-mergeDebugResources-4:/layout/activity_about.xml:114: error: resource color/on_surface (aka com.example.shieldblock:color/on_surface) not found.
     com.example.shieldblock.app-mergeDebugResources-4:/layout/activity_about.xml:123: error: resource color/on_surface (aka com.example.shieldblock:color/on_surface) not found.
     com.example.shieldblock.app-mergeDebugResources-4:/layout/activity_about.xml:132: error: resource color/on_surface (aka com.example.shieldblock:color/on_surface) not found.
     com.example.shieldblock.app-mergeDebugResources-4:/layout/activity_about.xml:146: error: resource color/surface (aka com.example.shieldblock:color/surface) not found.
     com.example.shieldblock.app-mergeDebugResources-4:/layout/activity_analytics.xml:6: error: resource color/emerald_dark_bg (aka com.example.shieldblock:color/emerald_dark_bg) not found.
     com.example.shieldblock.app-mergeDebugResources-4:/layout/activity_analytics.xml:37: error: resource color/emerald_accent (aka com.example.shieldblock:color/emerald_accent) not found.
     com.example.shieldblock.app-mergeDebugResources-4:/layout/activity_analytics.xml:48: error: resource color/emerald_accent (aka com.example.shieldblock:color/emerald_accent) not found.
     com.example.shieldblock.app-mergeDebugResources-4:/layout/activity_analytics.xml:61: error: resource color/emerald_accent (aka com.example.shieldblock:color/emerald_accent) not found.
     com.example.shieldblock.app-mergeDebugResources-4:/layout/activity_analytics.xml:67: error: resource color/text_secondary (aka com.example.shieldblock:color/text_secondary) not found.
     com.example.shieldblock.app-mergeDebugResources-4:/layout/activity_analytics.xml:81: error: resource color/emerald_accent (aka com.example.shieldblock:color/emerald_accent) not found.
     com.example.shieldblock.app-mergeDebugResources-4:/layout/activity_analytics.xml:92: error: resource color/emerald_accent (aka com.example.shieldblock:color/emerald_accent) not found.
     com.example.shieldblock.app-mergeDebugResources-4:/layout/activity_analytics.xml:105: error: resource color/emerald_accent (aka com.example.shieldblock:color/emerald_accent) not found.


* Try:
> Run with --stacktrace option to get the stack trace.
> Run with --info or --debug option to get more log output.
> Run with --scan to get full insights.
> Get more help at https://help.gradle.org.

Deprecated Gradle features were used in this build, making it incompatible with Gradle 9.0.

You can use '--warning-mode all' to show the individual deprecation warnings and determine if they come from your own scripts or plugins.

For more on this, please refer to https://docs.gradle.org/8.8/userguide/command_line_interface.html#sec:command_line_warnings in the Gradle documentation.

BUILD FAILED in 14s
27 actionable tasks: 1 executed, 26 up-to-date
